<?xml version="1.0" encoding="UTF-8"?>
<!-- Generated by org.testng.reporters.JUnitReportReporter -->
<testsuite ignored="0" hostname="Julybell" failures="0" tests="1" name="pruebang.Ejemplo_HardAssertion" time="3.604" errors="0" timestamp="11 may. 2024 16:48:09 GMT" skipped="0">
  <testcase classname="pruebang.Ejemplo_HardAssertion" name="f" time="3.604"/>
</testsuite> <!-- pruebang.Ejemplo_HardAssertion -->
